<?xml version="1.0" encoding="UTF-8"?><testsuite failures="0" name="cucumber.runtime.formatter.JUnitFormatter" skipped="0" tests="3" time="73.679547">
<testcase classname="Checking Background Verification" name="Validation Multiple Details with Purchase Flight" time="32.515332">
<system-out><![CDATA[Given I select source_city from dropdown and destiny_city from dropdown.....passed
When I click on FindFlights button..........................................passed
Then I Validate Navigation to Purchase Page.................................passed
When I Enter username as "SunkaraRam" and  Address as "Dmm" and City as "ATP" and State as "AP" and Zipcode as "1234" and CardTyep as "Visa" and CCNumber as "78922" and Month as "3" and Year as "2021" and NameofCard as "Ram S".passed
Then I will get Id of the flight and store it into txt file.................passed
]]></system-out>
</testcase>
<testcase classname="Checking Background Verification" name="Validation Multiple Details with Purchase Flight 2" time="21.393713">
<system-out><![CDATA[Given I select source_city from dropdown and destiny_city from dropdown.....passed
When I click on FindFlights button..........................................passed
Then I Validate Navigation to Purchase Page.................................passed
When I Enter username as "Lavanya" and  Address as "Dmm" and City as "ATP" and State as "AP" and Zipcode as "1445" and CardTyep as "Visa" and CCNumber as "89657" and Month as "5" and Year as "2022" and NameofCard as "Lav S".passed
Then I will get Id of the flight and store it into txt file.................passed
]]></system-out>
</testcase>
<testcase classname="Checking Background Verification" name="Validation Multiple Details with Purchase Flight 3" time="19.770502">
<system-out><![CDATA[Given I select source_city from dropdown and destiny_city from dropdown.....passed
When I click on FindFlights button..........................................passed
Then I Validate Navigation to Purchase Page.................................passed
When I Enter username as "Deepthi" and  Address as "Dmm" and City as "ATP" and State as "AP" and Zipcode as "15545" and CardTyep as "Visa" and CCNumber as "12356" and Month as "6" and Year as "2021" and NameofCard as "Deepthi S".passed
Then I will get Id of the flight and store it into txt file.................passed
]]></system-out>
</testcase>
</testsuite>
